Removed Pin From Net: NetName=SCL Pin=JP1-1
Removed Pin From Net: NetName=SDA Pin=JP1-2
Removed Pin From Net: NetName=5V Pin=JP1-3
Removed Pin From Net: NetName=GND Pin=JP1-4
Removed Pin From Net: NetName=5V Pin=JP2-1
Removed Pin From Net: NetName=DATA Pin=JP2-2
Removed Pin From Net: NetName=GND Pin=JP2-4
Removed Pin From Net: NetName=A1 Pin=JP3-1
Removed Pin From Net: NetName=GND Pin=JP3-3
Removed Pin From Net: NetName=5V Pin=JP3-4
Removed Pin From Net: NetName=A0 Pin=JP4-1
Removed Pin From Net: NetName=GND Pin=JP4-3
Removed Pin From Net: NetName=5V Pin=JP4-4
Removed Member From Class: ClassName=Sheet1 Member=JP1
Removed Member From Class: ClassName=Sheet1 Member=JP2
Removed Member From Class: ClassName=Sheet1 Member=JP3
Removed Member From Class: ClassName=Sheet1 Member=JP4
Added Component: Designator=JP?(JP 1x4 CT)
Add component (AddParameter): Name = "Chung_Loai"; Value = "C?m"; VariantName = "[No Variations]"
Add component (AddParameter): Name = "Don_Vi"; Value = "Con"; VariantName = "[No Variations]"
Add component (AddParameter): Name = "Ghi_Chu"; Value = ""; VariantName = "[No Variations]"
Add component (AddParameter): Name = "Kieu_Chan"; Value = ""; VariantName = "[No Variations]"
Add component (AddParameter): Name = "Ma_Hang"; Value = "MH004006"; VariantName = "[No Variations]"
Add component (AddParameter): Name = "Ten_Linh_Kien"; Value = "Jump Ðon Cái 2.54MM 1x20P Th?ng"; VariantName = "[No Variations]"
Added Component: Designator=JP?(JP 1x4 CT)
Add component (AddParameter): Name = "Chung_Loai"; Value = "C?m"; VariantName = "[No Variations]"
Add component (AddParameter): Name = "Don_Vi"; Value = "Con"; VariantName = "[No Variations]"
Add component (AddParameter): Name = "Ghi_Chu"; Value = ""; VariantName = "[No Variations]"
Add component (AddParameter): Name = "Kieu_Chan"; Value = ""; VariantName = "[No Variations]"
Add component (AddParameter): Name = "Ma_Hang"; Value = "MH004006"; VariantName = "[No Variations]"
Add component (AddParameter): Name = "Ten_Linh_Kien"; Value = "Jump Ðon Cái 2.54MM 1x20P Th?ng"; VariantName = "[No Variations]"
Added Component: Designator=JP?(JP 1x4 CT)
Add component (AddParameter): Name = "Chung_Loai"; Value = "C?m"; VariantName = "[No Variations]"
Add component (AddParameter): Name = "Don_Vi"; Value = "Con"; VariantName = "[No Variations]"
Add component (AddParameter): Name = "Ghi_Chu"; Value = ""; VariantName = "[No Variations]"
Add component (AddParameter): Name = "Kieu_Chan"; Value = ""; VariantName = "[No Variations]"
Add component (AddParameter): Name = "Ma_Hang"; Value = "MH004006"; VariantName = "[No Variations]"
Add component (AddParameter): Name = "Ten_Linh_Kien"; Value = "Jump Ðon Cái 2.54MM 1x20P Th?ng"; VariantName = "[No Variations]"
Added Component: Designator=JP?(JP 1x4 CT)
Add component (AddParameter): Name = "Chung_Loai"; Value = "C?m"; VariantName = "[No Variations]"
Add component (AddParameter): Name = "Don_Vi"; Value = "Con"; VariantName = "[No Variations]"
Add component (AddParameter): Name = "Ghi_Chu"; Value = ""; VariantName = "[No Variations]"
Add component (AddParameter): Name = "Kieu_Chan"; Value = ""; VariantName = "[No Variations]"
Add component (AddParameter): Name = "Ma_Hang"; Value = "MH004006"; VariantName = "[No Variations]"
Add component (AddParameter): Name = "Ten_Linh_Kien"; Value = "Jump Ðon Cái 2.54MM 1x20P Th?ng"; VariantName = "[No Variations]"
Added Pin To Net: NetName=5V Pin=JP?-1
Added Pin To Net: NetName=A0 Pin=JP?-1
Added Pin To Net: NetName=A1 Pin=JP?-1
Added Pin To Net: NetName=SCL Pin=JP?-1
Added Pin To Net: NetName=DATA Pin=JP?-2
Added Pin To Net: NetName=SDA Pin=JP?-2
Added Pin To Net: NetName=5V Pin=JP?-3
Added Pin To Net: NetName=GND Pin=JP?-3
Added Pin To Net: NetName=GND Pin=JP?-3
Added Pin To Net: NetName=5V Pin=JP?-4
Added Pin To Net: NetName=5V Pin=JP?-4
Added Pin To Net: NetName=GND Pin=JP?-4
Added Pin To Net: NetName=GND Pin=JP?-4
Added Member To Class: ClassName=Sheet1 Member=Component HD2 Header 3
Added Member To Class: ClassName=Sheet1 Member=Component JP? Cb_Anh_Sang
Added Member To Class: ClassName=Sheet1 Member=Component JP? RTC
Added Member To Class: ClassName=Sheet1 Member=Component JP? Cb_Do_Am_Dat
Added Member To Class: ClassName=Sheet1 Member=Component JP? DHT11
Added Member To Class: ClassName=Sheet1 Member=Component RL1 Relay
